<?xml version="1.0" encoding="UTF-8"?>
<!-- Generated by org.testng.reporters.JUnitReportReporter -->
<testsuite hostname="LAPTOP-DI1V5LOI" failures="0" tests="1" name="tests.MagentoSortItems_Price" time="22.201" errors="0" timestamp="2023-02-22T09:25:33 CST" skipped="0">
  <testcase classname="tests.MagentoSortItems_Price" name="MagentoSortbyPriceTest" time="22.201"/>
  <system-out/>
</testsuite> <!-- tests.MagentoSortItems_Price -->
