<?xml version="1.0" encoding="UTF-8"?>
<!-- Generated by org.testng.reporters.JUnitReportReporter -->
<testsuite hostname="LAPTOP-DI1V5LOI" failures="0" tests="1" name="tests.MagentoCreateAccountTest" time="12.903" errors="0" timestamp="2023-02-22T12:48:37 CST" skipped="0">
  <testcase classname="tests.MagentoCreateAccountTest" name="MagentocreateAccount" time="12.903"/>
  <system-out/>
</testsuite> <!-- tests.MagentoCreateAccountTest -->
