<?xml version="1.0" encoding="UTF-8"?>
<!-- Generated by org.testng.reporters.JUnitReportReporter -->
<testsuite hostname="LAPTOP-DI1V5LOI" failures="0" tests="1" name="tests.MagentoCreateAccountTest" time="0.000" errors="0" timestamp="2023-02-24T10:53:24 CST" skipped="1">
  <testcase classname="tests.MagentoCreateAccountTest" name="MagentocreateAccount" time="0.000">
    <skipped/>
  </testcase> <!-- MagentocreateAccount -->
  <system-out/>
</testsuite> <!-- tests.MagentoCreateAccountTest -->
