<?xml version="1.0" encoding="UTF-8"?>
<!-- Generated by org.testng.reporters.JUnitReportReporter -->
<testsuite hostname="LAPTOP-DI1V5LOI" failures="0" tests="3" name="tests.MagentoLoginTest" time="38.467" errors="0" timestamp="2023-02-22T19:47:24 CST" skipped="0">
  <testcase classname="tests.MagentoLoginTest" name="MagentoLogintest" time="12.519"/>
  <system-out/>
  <testcase classname="tests.MagentoLoginTest" name="MagentoLogintest" time="13.045"/>
  <system-out/>
  <testcase classname="tests.MagentoLoginTest" name="MagentoLogintest" time="12.903"/>
  <system-out/>
</testsuite> <!-- tests.MagentoLoginTest -->
