<?xml version="1.0" encoding="UTF-8"?>
<!-- Generated by org.testng.reporters.JUnitReportReporter -->
<testsuite hostname="LAPTOP-DI1V5LOI" failures="0" tests="1" name="tests.TechlisticStaticTableDataTest" time="13.727" errors="0" timestamp="2023-02-28T09:58:05 CST" skipped="0">
  <testcase classname="tests.TechlisticStaticTableDataTest" name="TableData" time="13.727"/>
  <system-out/>
</testsuite> <!-- tests.TechlisticStaticTableDataTest -->
