<?xml version="1.0" encoding="UTF-8"?>
<!-- Generated by org.testng.reporters.JUnitReportReporter -->
<testsuite hostname="LAPTOP-DI1V5LOI" failures="0" tests="1" name="tests.MagentoSortItems_Name" time="44.283" errors="0" timestamp="2023-03-06T10:08:53 CST" skipped="0">
  <testcase classname="tests.MagentoSortItems_Name" name="MagentoSortbyNameTest" time="44.283"/>
  <system-out/>
</testsuite> <!-- tests.MagentoSortItems_Name -->
