<?xml version="1.0" encoding="UTF-8"?>
<!-- Generated by org.testng.reporters.JUnitReportReporter -->
<testsuite hostname="LAPTOP-DI1V5LOI" failures="0" tests="1" name="tests.LaunchbrowserTest" time="4.775" errors="0" timestamp="2023-02-16T22:17:06 CST" skipped="0">
  <testcase classname="tests.LaunchbrowserTest" name="browserTest" time="4.775"/>
  <system-out/>
</testsuite> <!-- tests.LaunchbrowserTest -->
