<?xml version="1.0" encoding="UTF-8"?>
<!-- Generated by org.testng.reporters.JUnitReportReporter -->
<testsuite hostname="LAPTOP-DI1V5LOI" failures="0" tests="1" name="tests.MagentoLoginTest" time="0.000" errors="0" timestamp="2023-02-24T10:53:24 CST" skipped="1">
  <testcase classname="tests.MagentoLoginTest" name="MagentoLogintest" time="0.000">
    <skipped/>
  </testcase> <!-- MagentoLogintest -->
  <system-out/>
</testsuite> <!-- tests.MagentoLoginTest -->
