<?xml version="1.0" encoding="UTF-8"?>
<!-- Generated by org.testng.reporters.JUnitReportReporter -->
<testsuite hostname="LAPTOP-DI1V5LOI" failures="0" tests="2" name="tests.OrangeHRMLoginTest" time="15.563" errors="0" timestamp="2023-02-22T12:48:37 CST" skipped="0">
  <testcase classname="tests.OrangeHRMLoginTest" name="InvalidLoginTest" time="7.811"/>
  <system-out/>
  <testcase classname="tests.OrangeHRMLoginTest" name="LoginTest" time="7.752"/>
  <system-out/>
</testsuite> <!-- tests.OrangeHRMLoginTest -->
