<?xml version="1.0" encoding="UTF-8"?>
<!-- Generated by org.testng.reporters.JUnitReportReporter -->
<testsuite hostname="LAPTOP-DI1V5LOI" failures="0" tests="1" name="tests.OrangeHRMLoginTest" time="13.448" errors="0" timestamp="2023-02-22T09:25:33 CST" skipped="0">
  <testcase classname="tests.OrangeHRMLoginTest" name="LoginTest" time="13.448"/>
  <system-out/>
</testsuite> <!-- tests.OrangeHRMLoginTest -->
