<?xml version="1.0" encoding="UTF-8"?>
<!-- Generated by org.testng.reporters.JUnitReportReporter -->
<testsuite hostname="LAPTOP-DI1V5LOI" failures="0" tests="1" name="tests.MagentoAddItemtoCart" time="33.584" errors="0" timestamp="2023-02-20T22:14:49 CST" skipped="0">
  <testcase classname="tests.MagentoAddItemtoCart" name="MagentoAddItemsTest" time="33.584"/>
  <system-out/>
</testsuite> <!-- tests.MagentoAddItemtoCart -->
