<?xml version="1.0" encoding="UTF-8"?>
<!-- Generated by org.testng.reporters.JUnitReportReporter -->
<testsuite hostname="LAPTOP-DI1V5LOI" failures="0" tests="1" name="tests.MagentoCreateAccountTest" time="14.114" errors="0" timestamp="2023-02-21T19:58:13 CST" skipped="0">
  <testcase classname="tests.MagentoCreateAccountTest" name="MagentocreateAccount" time="14.114"/>
  <system-out/>
</testsuite> <!-- tests.MagentoCreateAccountTest -->
