<?xml version="1.0" encoding="UTF-8"?>
<!-- Generated by org.testng.reporters.JUnitReportReporter -->
<testsuite hostname="LAPTOP-DI1V5LOI" failures="0" tests="1" name="tests.MagentoSortItems_Price" time="43.742" errors="0" timestamp="2023-03-06T10:08:53 CST" skipped="0">
  <testcase classname="tests.MagentoSortItems_Price" name="MagentoSortbyPriceTest" time="43.742"/>
  <system-out/>
</testsuite> <!-- tests.MagentoSortItems_Price -->
