<?xml version="1.0" encoding="UTF-8"?>
<!-- Generated by org.testng.reporters.JUnitReportReporter -->
<testsuite hostname="LAPTOP-DI1V5LOI" failures="0" tests="1" name="tests.MagentoCreateAccountTest" time="13.727" errors="0" timestamp="2023-02-20T19:34:28 CST" skipped="0">
  <testcase classname="tests.MagentoCreateAccountTest" name="MagentocreateAccount" time="13.727"/>
  <system-out/>
</testsuite> <!-- tests.MagentoCreateAccountTest -->
