<?xml version="1.0" encoding="UTF-8"?>
<!-- Generated by org.testng.reporters.JUnitReportReporter -->
<testsuite hostname="LAPTOP-DI1V5LOI" failures="0" tests="1" name="tests.MagentoLoginTest" time="13.986" errors="0" timestamp="2023-02-21T19:58:13 CST" skipped="0">
  <testcase classname="tests.MagentoLoginTest" name="MagentoLogintest" time="13.986"/>
  <system-out/>
</testsuite> <!-- tests.MagentoLoginTest -->
