<?xml version="1.0" encoding="UTF-8"?>
<!-- Generated by org.testng.reporters.JUnitReportReporter -->
<testsuite hostname="LAPTOP-DI1V5LOI" failures="0" tests="4" name="DDtests.DDOrangeLoginTest" time="22.546" errors="0" timestamp="2023-02-24T16:27:41 CST" skipped="0">
  <testcase classname="DDtests.DDOrangeLoginTest" name="InvalidLogintest" time="3.761"/>
  <system-out/>
  <testcase classname="DDtests.DDOrangeLoginTest" name="InvalidLogintest" time="10.773"/>
  <system-out/>
  <testcase classname="DDtests.DDOrangeLoginTest" name="InvalidLogintest" time="3.781"/>
  <system-out/>
  <testcase classname="DDtests.DDOrangeLoginTest" name="InvalidLogintest" time="4.231"/>
  <system-out/>
</testsuite> <!-- DDtests.DDOrangeLoginTest -->
