<?xml version="1.0" encoding="UTF-8"?>
<!-- Generated by org.testng.reporters.JUnitReportReporter -->
<testsuite hostname="LAPTOP-DI1V5LOI" failures="0" tests="1" name="tests.MagentoSearchShorts" time="33.707" errors="0" timestamp="2023-02-20T16:51:42 CST" skipped="0">
  <testcase classname="tests.MagentoSearchShorts" name="MagentoSearchTest" time="33.707"/>
  <system-out/>
</testsuite> <!-- tests.MagentoSearchShorts -->
