<?xml version="1.0" encoding="UTF-8"?>
<!-- Generated by org.testng.reporters.JUnitReportReporter -->
<testsuite hostname="LAPTOP-DI1V5LOI" failures="0" tests="1" name="tests.MagentoSortItems_Price" time="0.001" errors="0" timestamp="2023-02-24T10:53:24 CST" skipped="1">
  <testcase classname="tests.MagentoSortItems_Price" name="MagentoSortbyPriceTest" time="0.001">
    <skipped/>
  </testcase> <!-- MagentoSortbyPriceTest -->
  <system-out/>
</testsuite> <!-- tests.MagentoSortItems_Price -->
