<?xml version="1.0" encoding="UTF-8"?>
<!-- Generated by org.testng.reporters.JUnitReportReporter -->
<testsuite hostname="LAPTOP-DI1V5LOI" failures="0" tests="2" name="tests.MagentoCreateAccountTest" time="24.250" errors="0" timestamp="2023-02-22T19:47:24 CST" skipped="0">
  <testcase classname="tests.MagentoCreateAccountTest" name="MagentocreateAccount" time="11.164"/>
  <system-out/>
  <testcase classname="tests.MagentoCreateAccountTest" name="MagentocreateAccount" time="13.086"/>
  <system-out/>
</testsuite> <!-- tests.MagentoCreateAccountTest -->
