<?xml version="1.0" encoding="UTF-8"?>
<!-- Generated by org.testng.reporters.JUnitReportReporter -->
<testsuite hostname="LAPTOP-DI1V5LOI" failures="0" tests="1" name="tests.MagentoAddItemtoCart" time="36.188" errors="0" timestamp="2023-02-21T19:58:13 CST" skipped="0">
  <testcase classname="tests.MagentoAddItemtoCart" name="MagentoAddItemsTest" time="36.188"/>
  <system-out/>
</testsuite> <!-- tests.MagentoAddItemtoCart -->
