<?xml version="1.0" encoding="UTF-8"?>
<!-- Generated by org.testng.reporters.JUnitReportReporter -->
<testsuite hostname="LAPTOP-DI1V5LOI" failures="0" tests="1" name="tests.MagentoLoginTest" time="13.882" errors="0" timestamp="2023-02-22T12:48:37 CST" skipped="0">
  <testcase classname="tests.MagentoLoginTest" name="MagentoLogintest" time="13.882"/>
  <system-out/>
</testsuite> <!-- tests.MagentoLoginTest -->
