<?xml version="1.0" encoding="UTF-8"?>
<!-- Generated by org.testng.reporters.JUnitReportReporter -->
<testsuite hostname="LAPTOP-DI1V5LOI" failures="0" tests="1" name="tests.MagentoSortItems_Price" time="22.561" errors="0" timestamp="2023-02-22T12:48:37 CST" skipped="0">
  <testcase classname="tests.MagentoSortItems_Price" name="MagentoSortbyPriceTest" time="22.561"/>
  <system-out/>
</testsuite> <!-- tests.MagentoSortItems_Price -->
