<?xml version="1.0" encoding="UTF-8"?>
<!-- Generated by org.testng.reporters.JUnitReportReporter -->
<testsuite hostname="LAPTOP-DI1V5LOI" failures="0" tests="1" name="tests.MagentoLoginTest" time="13.837" errors="0" timestamp="2023-02-20T19:34:28 CST" skipped="0">
  <testcase classname="tests.MagentoLoginTest" name="MagentoLogintest" time="13.837"/>
  <system-out/>
</testsuite> <!-- tests.MagentoLoginTest -->
